<?xml version="1.0" encoding="UTF-8"?>
<!-- Generated by org.testng.reporters.JUnitXMLReporter -->
<testsuite ignored="0" hostname="LAPTOP-KR6AR41B" failures="0" tests="4" name="Test" time="18.602" errors="0" timestamp="2025-03-12T11:02:12 IST">
  <testcase classname="com.easytrack.generic.Baseclass" name="main" time="0.015"/>
  <testcase classname="com.easytrip.testscript.PotentialModule" name="add" time="0.003"/>
  <testcase classname="com.easytrip.pom.HomePage" name="add" time="18.503"/>
  <testcase classname="com.easytrip.testscript.Compaignmodule" name="print" time="0.002"/>
</testsuite> <!-- Test -->
