<?xml version="1.0" encoding="UTF-8"?>
<testng-results ignored="0" total="2" passed="2" failed="0" skipped="0">
  <reporter-output>
    <line>
      <![CDATA[potential module is created ]]>
    </line>
    <line>
      <![CDATA[compaign module is created ]]>
    </line>
  </reporter-output>
  <suite started-at="2025-03-10T11:28:41 IST" name="Suite" finished-at="2025-03-10T11:28:41 IST" duration-ms="81">
    <groups>
    </groups>
    <test started-at="2025-03-10T11:28:41 IST" name="Test" finished-at="2025-03-10T11:28:41 IST" duration-ms="81">
      <class name="com.easytrip.testscript.PotentialModule">
        <test-method signature="add()[pri:0, instance:com.easytrip.testscript.PotentialModule@14cd1699]" started-at="2025-03-10T11:28:41 IST" name="add" finished-at="2025-03-10T11:28:41 IST" duration-ms="14" status="PASS">
          <reporter-output>
            <line>
              <![CDATA[potential module is created ]]>
            </line>
          </reporter-output>
        </test-method> <!-- add -->
      </class> <!-- com.easytrip.testscript.PotentialModule -->
      <class name="com.easytrip.testscript.Compaignmodule">
        <test-method signature="print()[pri:0, instance:com.easytrip.testscript.Compaignmodule@65fb9ffc]" started-at="2025-03-10T11:28:41 IST" name="print" finished-at="2025-03-10T11:28:41 IST" duration-ms="2" status="PASS">
          <reporter-output>
            <line>
              <![CDATA[compaign module is created ]]>
            </line>
          </reporter-output>
        </test-method> <!-- print -->
      </class> <!-- com.easytrip.testscript.Compaignmodule -->
    </test> <!-- Test -->
  </suite> <!-- Suite -->
</testng-results>
