<?xml version="1.0" encoding="UTF-8"?>
<testng-results ignored="0" total="4" passed="4" failed="0" skipped="0">
  <reporter-output>
    <line>
      <![CDATA[potential module is created ]]>
    </line>
    <line>
      <![CDATA[compaign module is created ]]>
    </line>
  </reporter-output>
  <suite started-at="2025-03-12T11:01:54 IST" name="Suite" finished-at="2025-03-12T11:02:12 IST" duration-ms="18602">
    <groups>
    </groups>
    <test started-at="2025-03-12T11:01:54 IST" name="Test" finished-at="2025-03-12T11:02:12 IST" duration-ms="18602">
      <class name="com.easytrip.pom.HomePage">
        <test-method signature="add()[pri:0, instance:com.easytrip.pom.HomePage@5fe94a96]" started-at="2025-03-12T11:01:54 IST" name="add" finished-at="2025-03-12T11:02:12 IST" duration-ms="18503" status="PASS">
          <reporter-output>
          </reporter-output>
        </test-method> <!-- add -->
      </class> <!-- com.easytrip.pom.HomePage -->
      <class name="com.easytrip.testscript.PotentialModule">
        <test-method signature="add()[pri:0, instance:com.easytrip.testscript.PotentialModule@639c2c1d]" started-at="2025-03-12T11:01:54 IST" name="add" finished-at="2025-03-12T11:01:54 IST" duration-ms="3" status="PASS">
          <reporter-output>
            <line>
              <![CDATA[potential module is created ]]>
            </line>
          </reporter-output>
        </test-method> <!-- add -->
      </class> <!-- com.easytrip.testscript.PotentialModule -->
      <class name="com.easytrack.generic.Baseclass">
        <test-method signature="main()[pri:0, instance:com.easytrack.generic.Baseclass@3e694b3f]" started-at="2025-03-12T11:01:54 IST" name="main" finished-at="2025-03-12T11:01:54 IST" duration-ms="15" status="PASS">
          <reporter-output>
          </reporter-output>
        </test-method> <!-- main -->
      </class> <!-- com.easytrack.generic.Baseclass -->
      <class name="com.easytrip.testscript.Compaignmodule">
        <test-method signature="print()[pri:0, instance:com.easytrip.testscript.Compaignmodule@443118b0]" started-at="2025-03-12T11:02:12 IST" name="print" finished-at="2025-03-12T11:02:12 IST" duration-ms="2" status="PASS">
          <reporter-output>
            <line>
              <![CDATA[compaign module is created ]]>
            </line>
          </reporter-output>
        </test-method> <!-- print -->
      </class> <!-- com.easytrip.testscript.Compaignmodule -->
    </test> <!-- Test -->
  </suite> <!-- Suite -->
</testng-results>
